[NX Daemon Server] - 2024-12-31T18:21:45.248Z - Started listening on: /var/folders/pw/nybk1mwn17n4j_nwqmr9cvxc0000gn/T/065b18f7ed383e152af5/d.sock
[NX Daemon Server] - 2024-12-31T18:21:45.255Z - [WATCHER]: Subscribed to changes within: /Users/kyro/Developer/web/angular-projects/riegler.fr (native)
[NX Daemon Server] - 2024-12-31T18:21:45.259Z - Established a connection. Number of open connections: 1
[NX Daemon Server] - 2024-12-31T18:21:45.261Z - Established a connection. Number of open connections: 2
[NX Daemon Server] - 2024-12-31T18:21:45.264Z - Closed a connection. Number of open connections: 1
[NX Daemon Server] - 2024-12-31T18:21:45.266Z - [REQUEST]: Client Request for Project Graph Received
[NX Daemon Server] - 2024-12-31T18:21:45.795Z - Time taken for 'Load Nx Plugin: /Users/kyro/Developer/web/angular-projects/riegler.fr/node_modules/nx/src/plugins/package-json' 513.991021ms
[NX Daemon Server] - 2024-12-31T18:21:45.824Z - Time taken for 'Load Nx Plugin: /Users/kyro/Developer/web/angular-projects/riegler.fr/node_modules/nx/src/plugins/project-json/build-nodes/project-json' 543.7771849999999ms
[NX Daemon Server] - 2024-12-31T18:21:45.844Z - [REQUEST]: Updated workspace context based on watched changes, recomputing project graph...
[NX Daemon Server] - 2024-12-31T18:21:45.844Z - [REQUEST]: 
[NX Daemon Server] - 2024-12-31T18:21:45.844Z - [REQUEST]: 
[NX Daemon Server] - 2024-12-31T18:21:45.854Z - Time taken for 'loadNxPlugins' 567.7586309999999ms
[NX Daemon Server] - 2024-12-31T18:21:46.816Z - Time taken for 'build-project-configs' 945.5732949999999ms
[NX Daemon Server] - 2024-12-31T18:21:47.270Z - [SYNC]: collect registered sync generators
[NX Daemon Server] - 2024-12-31T18:21:47.272Z - [REQUEST]: Responding to the client. project-graph
[NX Daemon Server] - 2024-12-31T18:21:47.273Z - Time taken for 'total for creating and serializing project graph' 2006.180797ms
[NX Daemon Server] - 2024-12-31T18:21:47.278Z - Done responding to the client project-graph
[NX Daemon Server] - 2024-12-31T18:21:47.278Z - Handled REQUEST_PROJECT_GRAPH. Handling time: 2007. Response time: 6.
[NX Daemon Server] - 2024-12-31T18:21:47.370Z - [REQUEST]: Responding to the client. handleHashTasks
[NX Daemon Server] - 2024-12-31T18:21:47.371Z - Done responding to the client handleHashTasks
[NX Daemon Server] - 2024-12-31T18:21:47.371Z - Handled HASH_TASKS. Handling time: 25. Response time: 1.
[NX Daemon Server] - 2024-12-31T18:21:47.409Z - [REQUEST]: Responding to the client. handleGetEstimatedTaskTimings
[NX Daemon Server] - 2024-12-31T18:21:47.409Z - Done responding to the client handleGetEstimatedTaskTimings
[NX Daemon Server] - 2024-12-31T18:21:47.410Z - Handled GET_ESTIMATED_TASK_TIMINGS. Handling time: 24. Response time: 1.
[NX Daemon Server] - 2024-12-31T18:21:48.479Z - [REQUEST]: Responding to the client. recordOutputsHash
[NX Daemon Server] - 2024-12-31T18:21:48.480Z - Done responding to the client recordOutputsHash
[NX Daemon Server] - 2024-12-31T18:21:48.480Z - Handled RECORD_OUTPUTS_HASH. Handling time: 0. Response time: 1.
[NX Daemon Server] - 2024-12-31T18:21:48.485Z - [REQUEST]: Responding to the client. handleRecordTaskRuns
[NX Daemon Server] - 2024-12-31T18:21:48.485Z - Done responding to the client handleRecordTaskRuns
[NX Daemon Server] - 2024-12-31T18:21:48.485Z - Handled RECORD_TASK_RUNS. Handling time: 1. Response time: 0.
[NX Daemon Server] - 2024-12-31T18:21:48.487Z - [REQUEST]: Responding to the client. handleGetFlakyTasks
[NX Daemon Server] - 2024-12-31T18:21:48.487Z - Done responding to the client handleGetFlakyTasks
[NX Daemon Server] - 2024-12-31T18:21:48.487Z - Handled GET_FLAKY_TASKS. Handling time: 1. Response time: 0.
[NX Daemon Server] - 2024-12-31T18:21:48.796Z - Closed a connection. Number of open connections: 0
[NX Daemon Server] - 2024-12-31T18:30:38.844Z - [WATCHER]: tsconfig.json was modified
[NX Daemon Server] - 2024-12-31T18:30:38.846Z - [WATCHER]: Processing file changes in outputs
[NX Daemon Server] - 2024-12-31T18:30:38.950Z - [REQUEST]: Updated workspace context based on watched changes, recomputing project graph...
[NX Daemon Server] - 2024-12-31T18:30:38.950Z - [REQUEST]: tsconfig.json
[NX Daemon Server] - 2024-12-31T18:30:38.950Z - [REQUEST]: 
[NX Daemon Server] - 2024-12-31T18:30:38.995Z - Time taken for 'hash changed files from watcher' 0.39640399999916553ms
[NX Daemon Server] - 2024-12-31T18:30:39.041Z - Time taken for 'build-project-configs' 44.25832300004549ms
[NX Daemon Server] - 2024-12-31T18:30:39.153Z - [SYNC]: collect registered sync generators
[NX Daemon Server] - 2024-12-31T18:30:39.153Z - [SYNC]: project graph hash is the same, not collecting task sync generators
[NX Daemon Server] - 2024-12-31T18:30:39.154Z - [SYNC]: nx.json hash is the same, not collecting global sync generators
[NX Daemon Server] - 2024-12-31T18:30:39.154Z - Time taken for 'total execution time for createProjectGraph()' 110.21114799997304ms
[NX Daemon Server] - 2024-12-31T18:30:44.004Z - Established a connection. Number of open connections: 1
[NX Daemon Server] - 2024-12-31T18:30:44.015Z - Closed a connection. Number of open connections: 0
[NX Daemon Server] - 2024-12-31T18:30:44.016Z - Established a connection. Number of open connections: 1
[NX Daemon Server] - 2024-12-31T18:30:44.022Z - [REQUEST]: Client Request for Project Graph Received
[NX Daemon Server] - 2024-12-31T18:30:44.023Z - [REQUEST]: Responding to the client. project-graph
[NX Daemon Server] - 2024-12-31T18:30:44.024Z - Time taken for 'total for creating and serializing project graph' 0.5122010000050068ms
[NX Daemon Server] - 2024-12-31T18:30:44.032Z - Done responding to the client project-graph
[NX Daemon Server] - 2024-12-31T18:30:44.034Z - Handled REQUEST_PROJECT_GRAPH. Handling time: 1. Response time: 11.
[NX Daemon Server] - 2024-12-31T18:30:44.144Z - [REQUEST]: Responding to the client. handleHashTasks
[NX Daemon Server] - 2024-12-31T18:30:44.146Z - Done responding to the client handleHashTasks
[NX Daemon Server] - 2024-12-31T18:30:44.146Z - Handled HASH_TASKS. Handling time: 28. Response time: 2.
[NX Daemon Server] - 2024-12-31T18:30:44.191Z - [REQUEST]: Responding to the client. handleGetEstimatedTaskTimings
[NX Daemon Server] - 2024-12-31T18:30:44.192Z - Done responding to the client handleGetEstimatedTaskTimings
[NX Daemon Server] - 2024-12-31T18:30:44.192Z - Handled GET_ESTIMATED_TASK_TIMINGS. Handling time: 0. Response time: 1.
[NX Daemon Server] - 2024-12-31T18:30:46.027Z - [REQUEST]: Responding to the client. recordOutputsHash
[NX Daemon Server] - 2024-12-31T18:30:46.027Z - Done responding to the client recordOutputsHash
[NX Daemon Server] - 2024-12-31T18:30:46.027Z - Handled RECORD_OUTPUTS_HASH. Handling time: 0. Response time: 0.
[NX Daemon Server] - 2024-12-31T18:30:46.033Z - [REQUEST]: Responding to the client. handleRecordTaskRuns
[NX Daemon Server] - 2024-12-31T18:30:46.033Z - Done responding to the client handleRecordTaskRuns
[NX Daemon Server] - 2024-12-31T18:30:46.033Z - Handled RECORD_TASK_RUNS. Handling time: 1. Response time: 0.
[NX Daemon Server] - 2024-12-31T18:30:46.034Z - [REQUEST]: Responding to the client. handleGetFlakyTasks
[NX Daemon Server] - 2024-12-31T18:30:46.034Z - Done responding to the client handleGetFlakyTasks
[NX Daemon Server] - 2024-12-31T18:30:46.034Z - Handled GET_FLAKY_TASKS. Handling time: 0. Response time: 0.
[NX Daemon Server] - 2024-12-31T18:30:46.313Z - Closed a connection. Number of open connections: 0
[NX Daemon Server] - 2024-12-31T18:31:28.717Z - [WATCHER]: tsconfig.json was modified
[NX Daemon Server] - 2024-12-31T18:31:28.718Z - [WATCHER]: Processing file changes in outputs
[NX Daemon Server] - 2024-12-31T18:31:28.820Z - [REQUEST]: Updated workspace context based on watched changes, recomputing project graph...
[NX Daemon Server] - 2024-12-31T18:31:28.820Z - [REQUEST]: tsconfig.json
[NX Daemon Server] - 2024-12-31T18:31:28.820Z - [REQUEST]: 
[NX Daemon Server] - 2024-12-31T18:31:28.824Z - Time taken for 'hash changed files from watcher' 1.112537999986671ms
[NX Daemon Server] - 2024-12-31T18:31:28.860Z - Time taken for 'build-project-configs' 29.50227699999232ms
[NX Daemon Server] - 2024-12-31T18:31:28.997Z - [SYNC]: collect registered sync generators
[NX Daemon Server] - 2024-12-31T18:31:28.997Z - [SYNC]: project graph hash is the same, not collecting task sync generators
[NX Daemon Server] - 2024-12-31T18:31:28.997Z - [SYNC]: nx.json hash is the same, not collecting global sync generators
[NX Daemon Server] - 2024-12-31T18:31:28.998Z - Time taken for 'total execution time for createProjectGraph()' 130.30794299999252ms
[NX Daemon Server] - 2024-12-31T18:31:32.007Z - Established a connection. Number of open connections: 1
[NX Daemon Server] - 2024-12-31T18:31:32.010Z - Closed a connection. Number of open connections: 0
[NX Daemon Server] - 2024-12-31T18:31:32.013Z - Established a connection. Number of open connections: 1
[NX Daemon Server] - 2024-12-31T18:31:32.014Z - [REQUEST]: Client Request for Project Graph Received
[NX Daemon Server] - 2024-12-31T18:31:32.015Z - [REQUEST]: Responding to the client. project-graph
[NX Daemon Server] - 2024-12-31T18:31:32.016Z - Time taken for 'total for creating and serializing project graph' 0.4528609999688342ms
[NX Daemon Server] - 2024-12-31T18:31:32.028Z - Done responding to the client project-graph
[NX Daemon Server] - 2024-12-31T18:31:32.028Z - Handled REQUEST_PROJECT_GRAPH. Handling time: 1. Response time: 13.
[NX Daemon Server] - 2024-12-31T18:31:32.128Z - [REQUEST]: Responding to the client. handleHashTasks
[NX Daemon Server] - 2024-12-31T18:31:32.129Z - Done responding to the client handleHashTasks
[NX Daemon Server] - 2024-12-31T18:31:32.129Z - Handled HASH_TASKS. Handling time: 27. Response time: 1.
[NX Daemon Server] - 2024-12-31T18:31:32.146Z - [REQUEST]: Responding to the client. handleGetEstimatedTaskTimings
[NX Daemon Server] - 2024-12-31T18:31:32.146Z - Done responding to the client handleGetEstimatedTaskTimings
[NX Daemon Server] - 2024-12-31T18:31:32.146Z - Handled GET_ESTIMATED_TASK_TIMINGS. Handling time: 0. Response time: 0.
[NX Daemon Server] - 2024-12-31T18:31:33.871Z - [REQUEST]: Responding to the client. recordOutputsHash
[NX Daemon Server] - 2024-12-31T18:31:33.871Z - Done responding to the client recordOutputsHash
[NX Daemon Server] - 2024-12-31T18:31:33.871Z - Handled RECORD_OUTPUTS_HASH. Handling time: 0. Response time: 0.
[NX Daemon Server] - 2024-12-31T18:31:33.884Z - [REQUEST]: Responding to the client. handleRecordTaskRuns
[NX Daemon Server] - 2024-12-31T18:31:33.884Z - Done responding to the client handleRecordTaskRuns
[NX Daemon Server] - 2024-12-31T18:31:33.884Z - Handled RECORD_TASK_RUNS. Handling time: 1. Response time: 0.
[NX Daemon Server] - 2024-12-31T18:31:33.885Z - [REQUEST]: Responding to the client. handleGetFlakyTasks
[NX Daemon Server] - 2024-12-31T18:31:33.885Z - Done responding to the client handleGetFlakyTasks
[NX Daemon Server] - 2024-12-31T18:31:33.885Z - Handled GET_FLAKY_TASKS. Handling time: 0. Response time: 0.
[NX Daemon Server] - 2024-12-31T18:31:34.193Z - Closed a connection. Number of open connections: 0
[NX Daemon Server] - 2024-12-31T18:34:03.772Z - [WATCHER]: vite.config.ts was modified
[NX Daemon Server] - 2024-12-31T18:34:03.772Z - [WATCHER]: Processing file changes in outputs
[NX Daemon Server] - 2024-12-31T18:34:03.873Z - [REQUEST]: Updated workspace context based on watched changes, recomputing project graph...
[NX Daemon Server] - 2024-12-31T18:34:03.873Z - [REQUEST]: vite.config.ts
[NX Daemon Server] - 2024-12-31T18:34:03.873Z - [REQUEST]: 
[NX Daemon Server] - 2024-12-31T18:34:03.890Z - Time taken for 'hash changed files from watcher' 0.3894860000582412ms
[NX Daemon Server] - 2024-12-31T18:34:03.941Z - Time taken for 'build-project-configs' 31.54932300001383ms
[NX Daemon Server] - 2024-12-31T18:34:04.075Z - [SYNC]: collect registered sync generators
[NX Daemon Server] - 2024-12-31T18:34:04.075Z - [SYNC]: project graph hash is the same, not collecting task sync generators
[NX Daemon Server] - 2024-12-31T18:34:04.075Z - [SYNC]: nx.json hash is the same, not collecting global sync generators
[NX Daemon Server] - 2024-12-31T18:34:04.076Z - Time taken for 'total execution time for createProjectGraph()' 145.8382790000178ms
[NX Daemon Server] - 2024-12-31T18:34:07.361Z - Established a connection. Number of open connections: 1
[NX Daemon Server] - 2024-12-31T18:34:07.366Z - Established a connection. Number of open connections: 2
[NX Daemon Server] - 2024-12-31T18:34:07.366Z - Closed a connection. Number of open connections: 1
[NX Daemon Server] - 2024-12-31T18:34:07.368Z - [REQUEST]: Client Request for Project Graph Received
[NX Daemon Server] - 2024-12-31T18:34:07.369Z - [REQUEST]: Responding to the client. project-graph
[NX Daemon Server] - 2024-12-31T18:34:07.370Z - Time taken for 'total for creating and serializing project graph' 0.4220579999964684ms
[NX Daemon Server] - 2024-12-31T18:34:07.382Z - Done responding to the client project-graph
[NX Daemon Server] - 2024-12-31T18:34:07.382Z - Handled REQUEST_PROJECT_GRAPH. Handling time: 1. Response time: 13.
[NX Daemon Server] - 2024-12-31T18:34:07.567Z - [REQUEST]: Responding to the client. handleHashTasks
[NX Daemon Server] - 2024-12-31T18:34:07.568Z - Done responding to the client handleHashTasks
[NX Daemon Server] - 2024-12-31T18:34:07.568Z - Handled HASH_TASKS. Handling time: 42. Response time: 1.
[NX Daemon Server] - 2024-12-31T18:34:07.587Z - [REQUEST]: Responding to the client. handleGetEstimatedTaskTimings
[NX Daemon Server] - 2024-12-31T18:34:07.587Z - Done responding to the client handleGetEstimatedTaskTimings
[NX Daemon Server] - 2024-12-31T18:34:07.587Z - Handled GET_ESTIMATED_TASK_TIMINGS. Handling time: 1. Response time: 0.
[NX Daemon Server] - 2024-12-31T18:34:09.469Z - [REQUEST]: Responding to the client. recordOutputsHash
[NX Daemon Server] - 2024-12-31T18:34:09.469Z - Done responding to the client recordOutputsHash
[NX Daemon Server] - 2024-12-31T18:34:09.469Z - Handled RECORD_OUTPUTS_HASH. Handling time: 0. Response time: 0.
[NX Daemon Server] - 2024-12-31T18:34:09.474Z - [REQUEST]: Responding to the client. handleRecordTaskRuns
[NX Daemon Server] - 2024-12-31T18:34:09.474Z - Done responding to the client handleRecordTaskRuns
[NX Daemon Server] - 2024-12-31T18:34:09.475Z - Handled RECORD_TASK_RUNS. Handling time: 0. Response time: 1.
[NX Daemon Server] - 2024-12-31T18:34:09.476Z - [REQUEST]: Responding to the client. handleGetFlakyTasks
[NX Daemon Server] - 2024-12-31T18:34:09.476Z - Done responding to the client handleGetFlakyTasks
[NX Daemon Server] - 2024-12-31T18:34:09.476Z - Handled GET_FLAKY_TASKS. Handling time: 0. Response time: 0.
[NX Daemon Server] - 2024-12-31T18:34:09.768Z - Closed a connection. Number of open connections: 0
[NX Daemon Server] - 2024-12-31T18:34:57.095Z - Established a connection. Number of open connections: 1
[NX Daemon Server] - 2024-12-31T18:34:57.097Z - Closed a connection. Number of open connections: 0
[NX Daemon Server] - 2024-12-31T18:34:57.099Z - Established a connection. Number of open connections: 1
[NX Daemon Server] - 2024-12-31T18:34:57.103Z - [REQUEST]: Client Request for Project Graph Received
[NX Daemon Server] - 2024-12-31T18:34:57.104Z - [REQUEST]: Responding to the client. project-graph
[NX Daemon Server] - 2024-12-31T18:34:57.104Z - Time taken for 'total for creating and serializing project graph' 0.7591770000290126ms
[NX Daemon Server] - 2024-12-31T18:34:57.111Z - Done responding to the client project-graph
[NX Daemon Server] - 2024-12-31T18:34:57.111Z - Handled REQUEST_PROJECT_GRAPH. Handling time: 0. Response time: 8.
[NX Daemon Server] - 2024-12-31T18:34:57.189Z - [REQUEST]: Responding to the client. handleHashTasks
[NX Daemon Server] - 2024-12-31T18:34:57.190Z - Done responding to the client handleHashTasks
[NX Daemon Server] - 2024-12-31T18:34:57.191Z - Handled HASH_TASKS. Handling time: 12. Response time: 2.
[NX Daemon Server] - 2024-12-31T18:34:57.205Z - [REQUEST]: Responding to the client. handleGetEstimatedTaskTimings
[NX Daemon Server] - 2024-12-31T18:34:57.205Z - Done responding to the client handleGetEstimatedTaskTimings
[NX Daemon Server] - 2024-12-31T18:34:57.205Z - Handled GET_ESTIMATED_TASK_TIMINGS. Handling time: 1. Response time: 0.
[NX Daemon Server] - 2024-12-31T18:34:58.723Z - [REQUEST]: Responding to the client. recordOutputsHash
[NX Daemon Server] - 2024-12-31T18:34:58.724Z - Done responding to the client recordOutputsHash
[NX Daemon Server] - 2024-12-31T18:34:58.724Z - Handled RECORD_OUTPUTS_HASH. Handling time: 0. Response time: 1.
[NX Daemon Server] - 2024-12-31T18:34:58.728Z - [REQUEST]: Responding to the client. handleRecordTaskRuns
[NX Daemon Server] - 2024-12-31T18:34:58.728Z - Done responding to the client handleRecordTaskRuns
[NX Daemon Server] - 2024-12-31T18:34:58.728Z - Handled RECORD_TASK_RUNS. Handling time: 0. Response time: 0.
[NX Daemon Server] - 2024-12-31T18:34:58.730Z - [REQUEST]: Responding to the client. handleGetFlakyTasks
[NX Daemon Server] - 2024-12-31T18:34:58.730Z - Done responding to the client handleGetFlakyTasks
[NX Daemon Server] - 2024-12-31T18:34:58.730Z - Handled GET_FLAKY_TASKS. Handling time: 0. Response time: 0.
[NX Daemon Server] - 2024-12-31T18:34:58.970Z - Closed a connection. Number of open connections: 0
[NX Daemon Server] - 2024-12-31T18:38:35.082Z - [WATCHER]: vite.config.ts was modified
[NX Daemon Server] - 2024-12-31T18:38:35.083Z - [WATCHER]: Processing file changes in outputs
[NX Daemon Server] - 2024-12-31T18:38:35.273Z - [REQUEST]: Updated workspace context based on watched changes, recomputing project graph...
[NX Daemon Server] - 2024-12-31T18:38:35.273Z - [REQUEST]: vite.config.ts
[NX Daemon Server] - 2024-12-31T18:38:35.273Z - [REQUEST]: 
[NX Daemon Server] - 2024-12-31T18:38:35.336Z - Time taken for 'hash changed files from watcher' 0.25261300010606647ms
[NX Daemon Server] - 2024-12-31T18:38:35.407Z - Time taken for 'build-project-configs' 77.93901500001084ms
[NX Daemon Server] - 2024-12-31T18:38:35.574Z - [SYNC]: collect registered sync generators
[NX Daemon Server] - 2024-12-31T18:38:35.575Z - [SYNC]: project graph hash is the same, not collecting task sync generators
[NX Daemon Server] - 2024-12-31T18:38:35.575Z - [SYNC]: nx.json hash is the same, not collecting global sync generators
[NX Daemon Server] - 2024-12-31T18:38:35.575Z - Time taken for 'total execution time for createProjectGraph()' 156.63805599999614ms
[NX Daemon Server] - 2024-12-31T18:38:49.197Z - [WATCHER]: vite.config.ts was modified
[NX Daemon Server] - 2024-12-31T18:38:49.198Z - [WATCHER]: Processing file changes in outputs
[NX Daemon Server] - 2024-12-31T18:38:49.398Z - [REQUEST]: Updated workspace context based on watched changes, recomputing project graph...
[NX Daemon Server] - 2024-12-31T18:38:49.398Z - [REQUEST]: vite.config.ts
[NX Daemon Server] - 2024-12-31T18:38:49.398Z - [REQUEST]: 
[NX Daemon Server] - 2024-12-31T18:38:49.403Z - Time taken for 'hash changed files from watcher' 0.25375099992379546ms
[NX Daemon Server] - 2024-12-31T18:38:49.469Z - Time taken for 'build-project-configs' 53.97667699994054ms
[NX Daemon Server] - 2024-12-31T18:38:49.582Z - [SYNC]: collect registered sync generators
[NX Daemon Server] - 2024-12-31T18:38:49.583Z - [SYNC]: project graph hash is the same, not collecting task sync generators
[NX Daemon Server] - 2024-12-31T18:38:49.583Z - [SYNC]: nx.json hash is the same, not collecting global sync generators
[NX Daemon Server] - 2024-12-31T18:38:49.583Z - Time taken for 'total execution time for createProjectGraph()' 106.06556700007059ms
[NX Daemon Server] - 2024-12-31T18:38:51.535Z - [WATCHER]: vite.config.ts was modified
[NX Daemon Server] - 2024-12-31T18:38:51.535Z - [WATCHER]: Processing file changes in outputs
[NX Daemon Server] - 2024-12-31T18:38:51.937Z - [REQUEST]: Updated workspace context based on watched changes, recomputing project graph...
[NX Daemon Server] - 2024-12-31T18:38:51.937Z - [REQUEST]: vite.config.ts
[NX Daemon Server] - 2024-12-31T18:38:51.937Z - [REQUEST]: 
[NX Daemon Server] - 2024-12-31T18:38:51.957Z - Time taken for 'hash changed files from watcher' 0.25856800004839897ms
[NX Daemon Server] - 2024-12-31T18:38:51.985Z - Time taken for 'build-project-configs' 24.792756999959238ms
[NX Daemon Server] - 2024-12-31T18:38:52.070Z - [SYNC]: collect registered sync generators
[NX Daemon Server] - 2024-12-31T18:38:52.071Z - [SYNC]: project graph hash is the same, not collecting task sync generators
[NX Daemon Server] - 2024-12-31T18:38:52.071Z - [SYNC]: nx.json hash is the same, not collecting global sync generators
[NX Daemon Server] - 2024-12-31T18:38:52.071Z - Time taken for 'total execution time for createProjectGraph()' 71.20430600002874ms
[NX Daemon Server] - 2024-12-31T18:40:26.738Z - [WATCHER]: package.json was modified
[NX Daemon Server] - 2024-12-31T18:40:26.738Z - [WATCHER]: Processing file changes in outputs
[NX Daemon Server] - 2024-12-31T18:40:27.539Z - [REQUEST]: Updated workspace context based on watched changes, recomputing project graph...
[NX Daemon Server] - 2024-12-31T18:40:27.539Z - [REQUEST]: package.json
[NX Daemon Server] - 2024-12-31T18:40:27.539Z - [REQUEST]: 
[NX Daemon Server] - 2024-12-31T18:40:27.544Z - Time taken for 'hash changed files from watcher' 0.2462619999423623ms
[NX Daemon Server] - 2024-12-31T18:40:27.585Z - Time taken for 'build-project-configs' 37.13658000016585ms
[NX Daemon Server] - 2024-12-31T18:40:27.655Z - [SYNC]: collect registered sync generators
[NX Daemon Server] - 2024-12-31T18:40:27.655Z - [SYNC]: project graph hash is the same, not collecting task sync generators
[NX Daemon Server] - 2024-12-31T18:40:27.655Z - [SYNC]: nx.json hash is the same, not collecting global sync generators
[NX Daemon Server] - 2024-12-31T18:40:27.656Z - Time taken for 'total execution time for createProjectGraph()' 65.95501199993305ms
[NX Daemon Server] - 2024-12-31T18:41:56.139Z - [WATCHER]: 1 file(s) created or restored, 0 file(s) modified, 1 file(s) deleted
[NX Daemon Server] - 2024-12-31T18:41:56.140Z - [WATCHER]: Processing file changes in outputs
[NX Daemon Server] - 2024-12-31T18:41:56.240Z - [REQUEST]: Updated workspace context based on watched changes, recomputing project graph...
[NX Daemon Server] - 2024-12-31T18:41:56.240Z - [REQUEST]: postcss.config.cjs
[NX Daemon Server] - 2024-12-31T18:41:56.240Z - [REQUEST]: postcss.config.js
[NX Daemon Server] - 2024-12-31T18:41:56.264Z - Time taken for 'hash changed files from watcher' 0.26667700009420514ms
[NX Daemon Server] - 2024-12-31T18:41:56.292Z - Time taken for 'build-project-configs' 23.45632900018245ms
[NX Daemon Server] - 2024-12-31T18:41:56.375Z - [SYNC]: collect registered sync generators
[NX Daemon Server] - 2024-12-31T18:41:56.376Z - [SYNC]: project graph hash is the same, not collecting task sync generators
[NX Daemon Server] - 2024-12-31T18:41:56.376Z - [SYNC]: nx.json hash is the same, not collecting global sync generators
[NX Daemon Server] - 2024-12-31T18:41:56.376Z - Time taken for 'total execution time for createProjectGraph()' 72.066918999888ms
[NX Daemon Server] - 2024-12-31T18:42:03.585Z - [WATCHER]: Processing file changes in outputs
[NX Daemon Server] - 2024-12-31T18:42:38.820Z - [WATCHER]: 0 file(s) created or restored, 1 file(s) modified, 1 file(s) deleted
[NX Daemon Server] - 2024-12-31T18:42:38.820Z - [WATCHER]: Processing file changes in outputs
[NX Daemon Server] - 2024-12-31T18:42:39.023Z - [REQUEST]: Updated workspace context based on watched changes, recomputing project graph...
[NX Daemon Server] - 2024-12-31T18:42:39.023Z - [REQUEST]: tailwind.config.cjs
[NX Daemon Server] - 2024-12-31T18:42:39.023Z - [REQUEST]: tailwind.config.js
[NX Daemon Server] - 2024-12-31T18:42:39.068Z - Time taken for 'hash changed files from watcher' 0.6085580000653863ms
[NX Daemon Server] - 2024-12-31T18:42:39.095Z - Time taken for 'build-project-configs' 22.918855000054464ms
[NX Daemon Server] - 2024-12-31T18:42:39.181Z - [SYNC]: collect registered sync generators
[NX Daemon Server] - 2024-12-31T18:42:39.182Z - [SYNC]: project graph hash is the same, not collecting task sync generators
[NX Daemon Server] - 2024-12-31T18:42:39.182Z - [SYNC]: nx.json hash is the same, not collecting global sync generators
[NX Daemon Server] - 2024-12-31T18:42:39.182Z - Time taken for 'total execution time for createProjectGraph()' 77.6873149999883ms
[NX Daemon Server] - 2024-12-31T18:42:40.006Z - [WATCHER]: Processing file changes in outputs
[NX Daemon Server] - 2024-12-31T18:42:40.008Z - [WATCHER]: tailwind.config.cjs was modified
[NX Daemon Server] - 2024-12-31T18:42:40.409Z - [REQUEST]: Updated workspace context based on watched changes, recomputing project graph...
[NX Daemon Server] - 2024-12-31T18:42:40.410Z - [REQUEST]: tailwind.config.cjs
[NX Daemon Server] - 2024-12-31T18:42:40.410Z - [REQUEST]: 
[NX Daemon Server] - 2024-12-31T18:42:40.413Z - Time taken for 'hash changed files from watcher' 0.26724199997261167ms
[NX Daemon Server] - 2024-12-31T18:42:40.436Z - Time taken for 'build-project-configs' 20.087618000106886ms
[NX Daemon Server] - 2024-12-31T18:42:40.494Z - [SYNC]: collect registered sync generators
[NX Daemon Server] - 2024-12-31T18:42:40.494Z - [SYNC]: project graph hash is the same, not collecting task sync generators
[NX Daemon Server] - 2024-12-31T18:42:40.494Z - [SYNC]: nx.json hash is the same, not collecting global sync generators
[NX Daemon Server] - 2024-12-31T18:42:40.495Z - Time taken for 'total execution time for createProjectGraph()' 48.97716000000946ms
[NX Daemon Server] - 2024-12-31T18:42:47.033Z - [WATCHER]: Processing file changes in outputs
[NX Daemon Server] - 2024-12-31T18:43:05.066Z - [WATCHER]: Processing file changes in outputs
[NX Daemon Server] - 2024-12-31T18:43:05.321Z - [WATCHER]: Processing file changes in outputs
[NX Daemon Server] - 2024-12-31T18:44:52.476Z - [WATCHER]: src/app/components/layout/header/header.component.ts was modified
[NX Daemon Server] - 2024-12-31T18:44:52.477Z - [WATCHER]: Processing file changes in outputs
[NX Daemon Server] - 2024-12-31T18:44:53.277Z - [REQUEST]: Updated workspace context based on watched changes, recomputing project graph...
[NX Daemon Server] - 2024-12-31T18:44:53.277Z - [REQUEST]: src/app/components/layout/header/header.component.ts
[NX Daemon Server] - 2024-12-31T18:44:53.277Z - [REQUEST]: 
[NX Daemon Server] - 2024-12-31T18:44:53.281Z - Time taken for 'hash changed files from watcher' 0.2502139999996871ms
[NX Daemon Server] - 2024-12-31T18:44:53.304Z - Time taken for 'build-project-configs' 19.235650999937207ms
[NX Daemon Server] - 2024-12-31T18:44:53.361Z - [SYNC]: collect registered sync generators
[NX Daemon Server] - 2024-12-31T18:44:53.361Z - [SYNC]: project graph hash is the same, not collecting task sync generators
[NX Daemon Server] - 2024-12-31T18:44:53.361Z - [SYNC]: nx.json hash is the same, not collecting global sync generators
[NX Daemon Server] - 2024-12-31T18:44:53.362Z - Time taken for 'total execution time for createProjectGraph()' 49.64109500008635ms
[NX Daemon Server] - 2024-12-31T18:46:43.845Z - [WATCHER]: src/main.ts was modified
[NX Daemon Server] - 2024-12-31T18:46:43.845Z - [WATCHER]: Processing file changes in outputs
[NX Daemon Server] - 2024-12-31T18:46:45.445Z - [REQUEST]: Updated workspace context based on watched changes, recomputing project graph...
[NX Daemon Server] - 2024-12-31T18:46:45.445Z - [REQUEST]: src/main.ts
[NX Daemon Server] - 2024-12-31T18:46:45.445Z - [REQUEST]: 
[NX Daemon Server] - 2024-12-31T18:46:45.452Z - Time taken for 'hash changed files from watcher' 0.24904599995352328ms
[NX Daemon Server] - 2024-12-31T18:46:45.482Z - Time taken for 'build-project-configs' 25.772346999961883ms
[NX Daemon Server] - 2024-12-31T18:46:45.580Z - [SYNC]: collect registered sync generators
[NX Daemon Server] - 2024-12-31T18:46:45.581Z - [SYNC]: project graph hash is the same, not collecting task sync generators
[NX Daemon Server] - 2024-12-31T18:46:45.581Z - [SYNC]: nx.json hash is the same, not collecting global sync generators
[NX Daemon Server] - 2024-12-31T18:46:45.581Z - Time taken for 'total execution time for createProjectGraph()' 91.26416000002064ms
[NX Daemon Server] - 2024-12-31T18:46:46.740Z - [WATCHER]: src/main.ts was modified
[NX Daemon Server] - 2024-12-31T18:46:46.740Z - [WATCHER]: Processing file changes in outputs
[NX Daemon Server] - 2024-12-31T18:46:49.940Z - [REQUEST]: Updated workspace context based on watched changes, recomputing project graph...
[NX Daemon Server] - 2024-12-31T18:46:49.940Z - [REQUEST]: src/main.ts
[NX Daemon Server] - 2024-12-31T18:46:49.940Z - [REQUEST]: 
[NX Daemon Server] - 2024-12-31T18:46:49.944Z - Time taken for 'hash changed files from watcher' 0.2695919999387115ms
[NX Daemon Server] - 2024-12-31T18:46:49.971Z - Time taken for 'build-project-configs' 23.56165899988264ms
[NX Daemon Server] - 2024-12-31T18:46:50.039Z - [SYNC]: collect registered sync generators
[NX Daemon Server] - 2024-12-31T18:46:50.040Z - [SYNC]: project graph hash is the same, not collecting task sync generators
[NX Daemon Server] - 2024-12-31T18:46:50.040Z - [SYNC]: nx.json hash is the same, not collecting global sync generators
[NX Daemon Server] - 2024-12-31T18:46:50.041Z - Time taken for 'total execution time for createProjectGraph()' 62.880980000132695ms
[NX Daemon Server] - 2024-12-31T18:46:53.246Z - [WATCHER]: Processing file changes in outputs
[NX Daemon Server] - 2024-12-31T18:47:12.598Z - [WATCHER]: Processing file changes in outputs
[NX Daemon Server] - 2024-12-31T18:47:12.861Z - [WATCHER]: Processing file changes in outputs
[NX Daemon Server] - 2024-12-31T18:47:24.120Z - [WATCHER]: src/app/components/layout/footer/footer.component.ts was modified
[NX Daemon Server] - 2024-12-31T18:47:24.120Z - [WATCHER]: Processing file changes in outputs
[NX Daemon Server] - 2024-12-31T18:47:30.520Z - [REQUEST]: Updated workspace context based on watched changes, recomputing project graph...
[NX Daemon Server] - 2024-12-31T18:47:30.520Z - [REQUEST]: src/app/components/layout/footer/footer.component.ts
[NX Daemon Server] - 2024-12-31T18:47:30.520Z - [REQUEST]: 
[NX Daemon Server] - 2024-12-31T18:47:30.523Z - Time taken for 'hash changed files from watcher' 0.23347699991427362ms
[NX Daemon Server] - 2024-12-31T18:47:30.548Z - Time taken for 'build-project-configs' 20.025985999964178ms
[NX Daemon Server] - 2024-12-31T18:47:30.606Z - [SYNC]: collect registered sync generators
[NX Daemon Server] - 2024-12-31T18:47:30.607Z - [SYNC]: project graph hash is the same, not collecting task sync generators
[NX Daemon Server] - 2024-12-31T18:47:30.607Z - [SYNC]: nx.json hash is the same, not collecting global sync generators
[NX Daemon Server] - 2024-12-31T18:47:30.607Z - Time taken for 'total execution time for createProjectGraph()' 50.78426899993792ms
[NX Daemon Server] - 2024-12-31T18:47:34.777Z - [WATCHER]: Processing file changes in outputs
[NX Daemon Server] - 2024-12-31T18:47:54.418Z - [WATCHER]: Processing file changes in outputs
[NX Daemon Server] - 2024-12-31T18:47:54.668Z - [WATCHER]: Processing file changes in outputs
[NX Daemon Server] - 2024-12-31T18:48:07.638Z - [WATCHER]: src/app/app.component.ts was modified
[NX Daemon Server] - 2024-12-31T18:48:07.639Z - [WATCHER]: Processing file changes in outputs
[NX Daemon Server] - 2024-12-31T18:48:14.040Z - [REQUEST]: Updated workspace context based on watched changes, recomputing project graph...
[NX Daemon Server] - 2024-12-31T18:48:14.041Z - [REQUEST]: src/app/app.component.ts
[NX Daemon Server] - 2024-12-31T18:48:14.041Z - [REQUEST]: 
[NX Daemon Server] - 2024-12-31T18:48:14.047Z - Time taken for 'hash changed files from watcher' 0.276346999919042ms
[NX Daemon Server] - 2024-12-31T18:48:14.074Z - Time taken for 'build-project-configs' 24.40091500012204ms
[NX Daemon Server] - 2024-12-31T18:48:14.156Z - [SYNC]: collect registered sync generators
[NX Daemon Server] - 2024-12-31T18:48:14.156Z - [SYNC]: project graph hash is the same, not collecting task sync generators
[NX Daemon Server] - 2024-12-31T18:48:14.156Z - [SYNC]: nx.json hash is the same, not collecting global sync generators
[NX Daemon Server] - 2024-12-31T18:48:14.157Z - Time taken for 'total execution time for createProjectGraph()' 75.06323900003918ms
[NX Daemon Server] - 2024-12-31T18:48:16.691Z - [WATCHER]: Processing file changes in outputs
[NX Daemon Server] - 2024-12-31T18:48:41.293Z - [WATCHER]: Processing file changes in outputs
[NX Daemon Server] - 2024-12-31T18:48:41.590Z - [WATCHER]: Processing file changes in outputs
[NX Daemon Server] - 2024-12-31T18:49:53.747Z - [WATCHER]: src/main.ts was modified
[NX Daemon Server] - 2024-12-31T18:49:53.747Z - [WATCHER]: Processing file changes in outputs
[NX Daemon Server] - 2024-12-31T18:50:00.149Z - [REQUEST]: Updated workspace context based on watched changes, recomputing project graph...
[NX Daemon Server] - 2024-12-31T18:50:00.149Z - [REQUEST]: src/main.ts
[NX Daemon Server] - 2024-12-31T18:50:00.149Z - [REQUEST]: 
[NX Daemon Server] - 2024-12-31T18:50:00.152Z - Time taken for 'hash changed files from watcher' 0.24933700007386506ms
[NX Daemon Server] - 2024-12-31T18:50:00.177Z - Time taken for 'build-project-configs' 20.849450000096112ms
[NX Daemon Server] - 2024-12-31T18:50:00.309Z - [SYNC]: collect registered sync generators
[NX Daemon Server] - 2024-12-31T18:50:00.309Z - [SYNC]: project graph hash is the same, not collecting task sync generators
[NX Daemon Server] - 2024-12-31T18:50:00.310Z - [SYNC]: nx.json hash is the same, not collecting global sync generators
[NX Daemon Server] - 2024-12-31T18:50:00.310Z - Time taken for 'total execution time for createProjectGraph()' 123.78280599997379ms
[NX Daemon Server] - 2024-12-31T18:50:10.858Z - [WATCHER]: Processing file changes in outputs
[NX Daemon Server] - 2024-12-31T18:50:28.426Z - [WATCHER]: Processing file changes in outputs
[NX Daemon Server] - 2024-12-31T18:50:28.674Z - [WATCHER]: Processing file changes in outputs
[NX Daemon Server] - 2024-12-31T18:51:50.428Z - [WATCHER]: src/main.ts was modified
[NX Daemon Server] - 2024-12-31T18:51:50.429Z - [WATCHER]: Processing file changes in outputs
[NX Daemon Server] - 2024-12-31T18:51:56.833Z - [REQUEST]: Updated workspace context based on watched changes, recomputing project graph...
[NX Daemon Server] - 2024-12-31T18:51:56.833Z - [REQUEST]: src/main.ts
[NX Daemon Server] - 2024-12-31T18:51:56.833Z - [REQUEST]: 
[NX Daemon Server] - 2024-12-31T18:51:56.838Z - Time taken for 'hash changed files from watcher' 0.3103739998769015ms
[NX Daemon Server] - 2024-12-31T18:51:56.881Z - Time taken for 'build-project-configs' 39.39358699996956ms
[NX Daemon Server] - 2024-12-31T18:51:56.981Z - [SYNC]: collect registered sync generators
[NX Daemon Server] - 2024-12-31T18:51:56.982Z - [SYNC]: project graph hash is the same, not collecting task sync generators
[NX Daemon Server] - 2024-12-31T18:51:56.982Z - [SYNC]: nx.json hash is the same, not collecting global sync generators
[NX Daemon Server] - 2024-12-31T18:51:56.982Z - Time taken for 'total execution time for createProjectGraph()' 87.29647699999623ms
[NX Daemon Server] - 2024-12-31T18:51:58.137Z - [WATCHER]: src/main.server.ts was modified
[NX Daemon Server] - 2024-12-31T18:51:58.138Z - [WATCHER]: Processing file changes in outputs
[NX Daemon Server] - 2024-12-31T18:51:59.918Z - [WATCHER]: src/main.server.ts was modified
[NX Daemon Server] - 2024-12-31T18:51:59.919Z - [WATCHER]: Processing file changes in outputs
[NX Daemon Server] - 2024-12-31T18:51:59.950Z - [WATCHER]: src/main.server.ts was modified
[NX Daemon Server] - 2024-12-31T18:51:59.957Z - [WATCHER]: Processing file changes in outputs
[NX Daemon Server] - 2024-12-31T18:52:04.538Z - [REQUEST]: Updated workspace context based on watched changes, recomputing project graph...
[NX Daemon Server] - 2024-12-31T18:52:04.538Z - [REQUEST]: src/main.server.ts
[NX Daemon Server] - 2024-12-31T18:52:04.538Z - [REQUEST]: 
[NX Daemon Server] - 2024-12-31T18:52:04.543Z - Time taken for 'hash changed files from watcher' 0.2699570001568645ms
[NX Daemon Server] - 2024-12-31T18:52:04.573Z - Time taken for 'build-project-configs' 28.841700999997556ms
[NX Daemon Server] - 2024-12-31T18:52:04.644Z - [SYNC]: collect registered sync generators
[NX Daemon Server] - 2024-12-31T18:52:04.645Z - [SYNC]: project graph hash is the same, not collecting task sync generators
[NX Daemon Server] - 2024-12-31T18:52:04.645Z - [SYNC]: nx.json hash is the same, not collecting global sync generators
[NX Daemon Server] - 2024-12-31T18:52:04.645Z - Time taken for 'total execution time for createProjectGraph()' 65.4956859999802ms
[NX Daemon Server] - 2024-12-31T18:52:07.402Z - [WATCHER]: Processing file changes in outputs
[NX Daemon Server] - 2024-12-31T18:52:24.345Z - [WATCHER]: Processing file changes in outputs
[NX Daemon Server] - 2024-12-31T18:52:24.572Z - [WATCHER]: Processing file changes in outputs
[NX Daemon Server] - 2024-12-31T18:54:55.924Z - [WATCHER]: src/main.server.ts was modified
[NX Daemon Server] - 2024-12-31T18:54:55.924Z - [WATCHER]: Processing file changes in outputs
[NX Daemon Server] - 2024-12-31T18:55:02.325Z - [REQUEST]: Updated workspace context based on watched changes, recomputing project graph...
[NX Daemon Server] - 2024-12-31T18:55:02.325Z - [REQUEST]: src/main.server.ts
[NX Daemon Server] - 2024-12-31T18:55:02.325Z - [REQUEST]: 
[NX Daemon Server] - 2024-12-31T18:55:02.330Z - Time taken for 'hash changed files from watcher' 0.24184699985198677ms
[NX Daemon Server] - 2024-12-31T18:55:02.356Z - Time taken for 'build-project-configs' 21.347125000087544ms
[NX Daemon Server] - 2024-12-31T18:55:02.412Z - [SYNC]: collect registered sync generators
[NX Daemon Server] - 2024-12-31T18:55:02.412Z - [SYNC]: project graph hash is the same, not collecting task sync generators
[NX Daemon Server] - 2024-12-31T18:55:02.413Z - [SYNC]: nx.json hash is the same, not collecting global sync generators
[NX Daemon Server] - 2024-12-31T18:55:02.414Z - Time taken for 'total execution time for createProjectGraph()' 47.696816000156105ms
[NX Daemon Server] - 2024-12-31T18:55:02.888Z - [WATCHER]: Processing file changes in outputs
[NX Daemon Server] - 2024-12-31T18:55:21.890Z - [WATCHER]: Processing file changes in outputs
[NX Daemon Server] - 2024-12-31T18:55:22.166Z - [WATCHER]: Processing file changes in outputs
[NX Daemon Server] - 2024-12-31T18:55:48.982Z - [WATCHER]: src/app/routes/index.ts was modified
[NX Daemon Server] - 2024-12-31T18:55:48.983Z - [WATCHER]: Processing file changes in outputs
[NX Daemon Server] - 2024-12-31T18:55:55.383Z - [REQUEST]: Updated workspace context based on watched changes, recomputing project graph...
[NX Daemon Server] - 2024-12-31T18:55:55.385Z - [REQUEST]: src/app/routes/index.ts
[NX Daemon Server] - 2024-12-31T18:55:55.385Z - [REQUEST]: 
[NX Daemon Server] - 2024-12-31T18:55:55.387Z - Time taken for 'hash changed files from watcher' 0.2373160000424832ms
[NX Daemon Server] - 2024-12-31T18:55:55.415Z - Time taken for 'build-project-configs' 22.235602000029758ms
[NX Daemon Server] - 2024-12-31T18:55:55.480Z - [SYNC]: collect registered sync generators
[NX Daemon Server] - 2024-12-31T18:55:55.480Z - [SYNC]: project graph hash is the same, not collecting task sync generators
[NX Daemon Server] - 2024-12-31T18:55:55.480Z - [SYNC]: nx.json hash is the same, not collecting global sync generators
[NX Daemon Server] - 2024-12-31T18:55:55.480Z - Time taken for 'total execution time for createProjectGraph()' 60.11505699995905ms
[NX Daemon Server] - 2024-12-31T18:56:25.160Z - [WATCHER]: src/main.ts was modified
[NX Daemon Server] - 2024-12-31T18:56:25.160Z - [WATCHER]: Processing file changes in outputs
[NX Daemon Server] - 2024-12-31T18:56:31.561Z - [REQUEST]: Updated workspace context based on watched changes, recomputing project graph...
[NX Daemon Server] - 2024-12-31T18:56:31.561Z - [REQUEST]: src/main.ts
[NX Daemon Server] - 2024-12-31T18:56:31.561Z - [REQUEST]: 
[NX Daemon Server] - 2024-12-31T18:56:31.565Z - Time taken for 'hash changed files from watcher' 0.2571089998818934ms
[NX Daemon Server] - 2024-12-31T18:56:31.601Z - Time taken for 'build-project-configs' 31.702068000100553ms
[NX Daemon Server] - 2024-12-31T18:56:31.681Z - [SYNC]: collect registered sync generators
[NX Daemon Server] - 2024-12-31T18:56:31.682Z - [SYNC]: project graph hash is the same, not collecting task sync generators
[NX Daemon Server] - 2024-12-31T18:56:31.682Z - [SYNC]: nx.json hash is the same, not collecting global sync generators
[NX Daemon Server] - 2024-12-31T18:56:31.682Z - Time taken for 'total execution time for createProjectGraph()' 70.34025299991481ms
[NX Daemon Server] - 2024-12-31T18:56:35.863Z - [WATCHER]: src/main.ts was modified
[NX Daemon Server] - 2024-12-31T18:56:35.863Z - [WATCHER]: Processing file changes in outputs
[NX Daemon Server] - 2024-12-31T18:56:42.264Z - [REQUEST]: Updated workspace context based on watched changes, recomputing project graph...
[NX Daemon Server] - 2024-12-31T18:56:42.264Z - [REQUEST]: src/main.ts
[NX Daemon Server] - 2024-12-31T18:56:42.264Z - [REQUEST]: 
[NX Daemon Server] - 2024-12-31T18:56:42.267Z - Time taken for 'hash changed files from watcher' 0.33784900000318885ms
[NX Daemon Server] - 2024-12-31T18:56:42.295Z - Time taken for 'build-project-configs' 22.775958000216633ms
[NX Daemon Server] - 2024-12-31T18:56:42.357Z - [SYNC]: collect registered sync generators
[NX Daemon Server] - 2024-12-31T18:56:42.357Z - [SYNC]: project graph hash is the same, not collecting task sync generators
[NX Daemon Server] - 2024-12-31T18:56:42.357Z - [SYNC]: nx.json hash is the same, not collecting global sync generators
[NX Daemon Server] - 2024-12-31T18:56:42.357Z - Time taken for 'total execution time for createProjectGraph()' 56.38384300004691ms
[NX Daemon Server] - 2024-12-31T18:56:44.524Z - [WATCHER]: Processing file changes in outputs
[NX Daemon Server] - 2024-12-31T18:57:02.679Z - [WATCHER]: Processing file changes in outputs
[NX Daemon Server] - 2024-12-31T18:57:02.880Z - [WATCHER]: Processing file changes in outputs
[NX Daemon Server] - 2024-12-31T18:57:47.769Z - [WATCHER]: src/app/routes/blog/(home).page.ts was modified
[NX Daemon Server] - 2024-12-31T18:57:47.770Z - [WATCHER]: Processing file changes in outputs
[NX Daemon Server] - 2024-12-31T18:57:54.171Z - [REQUEST]: Updated workspace context based on watched changes, recomputing project graph...
[NX Daemon Server] - 2024-12-31T18:57:54.171Z - [REQUEST]: src/app/routes/blog/(home).page.ts
[NX Daemon Server] - 2024-12-31T18:57:54.172Z - [REQUEST]: 
[NX Daemon Server] - 2024-12-31T18:57:54.175Z - Time taken for 'hash changed files from watcher' 0.3140829997137189ms
[NX Daemon Server] - 2024-12-31T18:57:54.209Z - Time taken for 'build-project-configs' 28.94506600033492ms
[NX Daemon Server] - 2024-12-31T18:57:54.286Z - [SYNC]: collect registered sync generators
[NX Daemon Server] - 2024-12-31T18:57:54.287Z - [SYNC]: project graph hash is the same, not collecting task sync generators
[NX Daemon Server] - 2024-12-31T18:57:54.287Z - [SYNC]: nx.json hash is the same, not collecting global sync generators
[NX Daemon Server] - 2024-12-31T18:57:54.288Z - Time taken for 'total execution time for createProjectGraph()' 71.03991699963808ms
[NX Daemon Server] - 2024-12-31T18:58:03.574Z - [WATCHER]: src/app/routes/blog/[slug].page.ts was modified
[NX Daemon Server] - 2024-12-31T18:58:03.574Z - [WATCHER]: Processing file changes in outputs
[NX Daemon Server] - 2024-12-31T18:58:09.974Z - [REQUEST]: Updated workspace context based on watched changes, recomputing project graph...
[NX Daemon Server] - 2024-12-31T18:58:09.974Z - [REQUEST]: src/app/routes/blog/[slug].page.ts
[NX Daemon Server] - 2024-12-31T18:58:09.974Z - [REQUEST]: 
[NX Daemon Server] - 2024-12-31T18:58:09.978Z - Time taken for 'hash changed files from watcher' 0.22237499989569187ms
[NX Daemon Server] - 2024-12-31T18:58:10.004Z - Time taken for 'build-project-configs' 22.891073999926448ms
[NX Daemon Server] - 2024-12-31T18:58:10.069Z - [SYNC]: collect registered sync generators
[NX Daemon Server] - 2024-12-31T18:58:10.069Z - [SYNC]: project graph hash is the same, not collecting task sync generators
[NX Daemon Server] - 2024-12-31T18:58:10.069Z - [SYNC]: nx.json hash is the same, not collecting global sync generators
[NX Daemon Server] - 2024-12-31T18:58:10.070Z - Time taken for 'total execution time for createProjectGraph()' 58.61081500025466ms
[NX Daemon Server] - 2024-12-31T18:58:28.959Z - [WATCHER]: src/app/components/blog/table-of-content/table-of-contents.component.ts was modified
[NX Daemon Server] - 2024-12-31T18:58:28.959Z - [WATCHER]: Processing file changes in outputs
[NX Daemon Server] - 2024-12-31T18:58:35.359Z - [REQUEST]: Updated workspace context based on watched changes, recomputing project graph...
[NX Daemon Server] - 2024-12-31T18:58:35.359Z - [REQUEST]: src/app/components/blog/table-of-content/table-of-contents.component.ts
[NX Daemon Server] - 2024-12-31T18:58:35.359Z - [REQUEST]: 
[NX Daemon Server] - 2024-12-31T18:58:35.361Z - Time taken for 'hash changed files from watcher' 0.2264120001345873ms
[NX Daemon Server] - 2024-12-31T18:58:35.387Z - Time taken for 'build-project-configs' 20.82013399992138ms
[NX Daemon Server] - 2024-12-31T18:58:35.456Z - [SYNC]: collect registered sync generators
[NX Daemon Server] - 2024-12-31T18:58:35.457Z - [SYNC]: project graph hash is the same, not collecting task sync generators
[NX Daemon Server] - 2024-12-31T18:58:35.457Z - [SYNC]: nx.json hash is the same, not collecting global sync generators
[NX Daemon Server] - 2024-12-31T18:58:35.457Z - Time taken for 'total execution time for createProjectGraph()' 61.983399000018835ms
[NX Daemon Server] - 2024-12-31T18:59:46.754Z - [WATCHER]: src/app/routes/talks.page.ts was modified
[NX Daemon Server] - 2024-12-31T18:59:46.755Z - [WATCHER]: Processing file changes in outputs
[NX Daemon Server] - 2024-12-31T18:59:52.588Z - [WATCHER]: src/app/routes/cycling.page.ts was modified
[NX Daemon Server] - 2024-12-31T18:59:52.588Z - [WATCHER]: Processing file changes in outputs
[NX Daemon Server] - 2024-12-31T18:59:53.155Z - [REQUEST]: Updated workspace context based on watched changes, recomputing project graph...
[NX Daemon Server] - 2024-12-31T18:59:53.155Z - [REQUEST]: src/app/routes/talks.page.ts,src/app/routes/cycling.page.ts
[NX Daemon Server] - 2024-12-31T18:59:53.155Z - [REQUEST]: 
[NX Daemon Server] - 2024-12-31T18:59:53.158Z - Time taken for 'hash changed files from watcher' 0.30794399976730347ms
[NX Daemon Server] - 2024-12-31T18:59:53.184Z - Time taken for 'build-project-configs' 21.338824999984354ms
[NX Daemon Server] - 2024-12-31T18:59:53.263Z - [SYNC]: collect registered sync generators
[NX Daemon Server] - 2024-12-31T18:59:53.263Z - [SYNC]: project graph hash is the same, not collecting task sync generators
[NX Daemon Server] - 2024-12-31T18:59:53.263Z - [SYNC]: nx.json hash is the same, not collecting global sync generators
[NX Daemon Server] - 2024-12-31T18:59:53.264Z - Time taken for 'total execution time for createProjectGraph()' 67.07325799996033ms
[NX Daemon Server] - 2024-12-31T19:00:52.884Z - [WATCHER]: .gitignore was modified
[NX Daemon Server] - 2024-12-31T19:00:52.885Z - [WATCHER]: Processing file changes in outputs
[NX Daemon Server] - 2024-12-31T19:00:52.885Z - [WATCHER]: Stopping the watcher for /Users/kyro/Developer/web/angular-projects/riegler.fr (sources)
[NX Daemon Server] - 2024-12-31T19:00:52.885Z - [WATCHER]: Stopping the watcher for /Users/kyro/Developer/web/angular-projects/riegler.fr (outputs)
